{"__type":"$$EventMessageWorkflow","id":"5a4abce3-eda4-4bee-9b71-5aa5eb23f7ec","ts":"2025-10-02T08:02:31.161+00:00","eventName":"n8n.workflow.started","message":"n8n.workflow.started","payload":{"executionId":"167","workflowId":"EQTKgqBvEUfqiMcZ","isManual":false,"workflowName":"Telegram PDF Saver"}}
{"__type":"$$EventMessageConfirm","confirm":"5a4abce3-eda4-4bee-9b71-5aa5eb23f7ec","ts":"2025-10-02T08:02:31.162+00:00","source":{"id":"0","name":"eventBus"}}
{"__type":"$$EventMessageNode","id":"6fce7678-f804-4cdf-9133-a3988b278451","ts":"2025-10-02T08:02:31.167+00:00","eventName":"n8n.node.started","message":"n8n.node.started","payload":{"workflowId":"EQTKgqBvEUfqiMcZ","workflowName":"Telegram PDF Saver","executionId":"167","nodeType":"n8n-nodes-base.writeBinaryFile","nodeName":"Write PDF1","nodeId":"ad12d6f6-7ff5-4084-9b5a-7a952a2e9cf0"}}
{"__type":"$$EventMessageConfirm","confirm":"6fce7678-f804-4cdf-9133-a3988b278451","ts":"2025-10-02T08:02:31.167+00:00","source":{"id":"0","name":"eventBus"}}
{"__type":"$$EventMessageNode","id":"fe00f102-0cde-4f8c-b0d0-465eb52fc86a","ts":"2025-10-02T04:02:31.243-04:00","eventName":"n8n.node.finished","message":"n8n.node.finished","payload":{"workflowId":"EQTKgqBvEUfqiMcZ","workflowName":"Telegram PDF Saver","executionId":"167","nodeType":"n8n-nodes-base.writeBinaryFile","nodeName":"Write PDF1","nodeId":"ad12d6f6-7ff5-4084-9b5a-7a952a2e9cf0"}}
{"__type":"$$EventMessageConfirm","confirm":"fe00f102-0cde-4f8c-b0d0-465eb52fc86a","ts":"2025-10-02T04:02:31.243-04:00","source":{"id":"0","name":"eventBus"}}
{"__type":"$$EventMessageWorkflow","id":"40a0bbbd-4890-4640-93b2-c5b621e87891","ts":"2025-10-02T04:02:31.263-04:00","eventName":"n8n.workflow.failed","message":"n8n.workflow.failed","payload":{"userId":"864cb08b-29a2-4269-ba72-10e9052e8970","executionId":"167","success":false,"isManual":true,"workflowId":"EQTKgqBvEUfqiMcZ","workflowName":"Telegram PDF Saver","lastNodeExecuted":"Write PDF1","errorNodeType":"n8n-nodes-base.writeBinaryFile","errorMessage":"The file \"/home/node/.n8n/documents/latest.pdf\" is not writable."}}
{"__type":"$$EventMessageConfirm","confirm":"40a0bbbd-4890-4640-93b2-c5b621e87891","ts":"2025-10-02T04:02:31.263-04:00","source":{"id":"0","name":"eventBus"}}
{"__type":"$$EventMessageWorkflow","id":"604134ff-c16f-43fe-8f79-5b0b9415039c","ts":"2025-10-02T04:03:49.314-04:00","eventName":"n8n.workflow.started","message":"n8n.workflow.started","payload":{"executionId":"168","workflowId":"EQTKgqBvEUfqiMcZ","isManual":false,"workflowName":"Telegram PDF Saver"}}
{"__type":"$$EventMessageConfirm","confirm":"604134ff-c16f-43fe-8f79-5b0b9415039c","ts":"2025-10-02T04:03:49.315-04:00","source":{"id":"0","name":"eventBus"}}
{"__type":"$$EventMessageNode","id":"542961a3-e5ae-41b1-a5f4-3f9deaef5c43","ts":"2025-10-02T04:03:49.317-04:00","eventName":"n8n.node.started","message":"n8n.node.started","payload":{"workflowId":"EQTKgqBvEUfqiMcZ","workflowName":"Telegram PDF Saver","executionId":"168","nodeType":"n8n-nodes-base.writeBinaryFile","nodeName":"Write PDF1","nodeId":"ad12d6f6-7ff5-4084-9b5a-7a952a2e9cf0"}}
{"__type":"$$EventMessageConfirm","confirm":"542961a3-e5ae-41b1-a5f4-3f9deaef5c43","ts":"2025-10-02T04:03:49.318-04:00","source":{"id":"0","name":"eventBus"}}
{"__type":"$$EventMessageNode","id":"31651064-28cc-4b27-8d82-15f4c97c51cf","ts":"2025-10-02T04:03:49.335-04:00","eventName":"n8n.node.finished","message":"n8n.node.finished","payload":{"workflowId":"EQTKgqBvEUfqiMcZ","workflowName":"Telegram PDF Saver","executionId":"168","nodeType":"n8n-nodes-base.writeBinaryFile","nodeName":"Write PDF1","nodeId":"ad12d6f6-7ff5-4084-9b5a-7a952a2e9cf0"}}
{"__type":"$$EventMessageConfirm","confirm":"31651064-28cc-4b27-8d82-15f4c97c51cf","ts":"2025-10-02T04:03:49.336-04:00","source":{"id":"0","name":"eventBus"}}
{"__type":"$$EventMessageWorkflow","id":"69c0355b-76ab-4ab2-a16f-c11c58101715","ts":"2025-10-02T04:03:49.353-04:00","eventName":"n8n.workflow.failed","message":"n8n.workflow.failed","payload":{"userId":"864cb08b-29a2-4269-ba72-10e9052e8970","executionId":"168","success":false,"isManual":true,"workflowId":"EQTKgqBvEUfqiMcZ","workflowName":"Telegram PDF Saver","lastNodeExecuted":"Write PDF1","errorNodeType":"n8n-nodes-base.writeBinaryFile","errorMessage":"The file \"/home/node/.n8n/documents/latest.pdf\" is not writable."}}
{"__type":"$$EventMessageConfirm","confirm":"69c0355b-76ab-4ab2-a16f-c11c58101715","ts":"2025-10-02T04:03:49.353-04:00","source":{"id":"0","name":"eventBus"}}
{"__type":"$$EventMessageWorkflow","id":"4e633e62-a722-4bb3-a290-bb86bd6ab329","ts":"2025-10-02T04:04:01.931-04:00","eventName":"n8n.workflow.started","message":"n8n.workflow.started","payload":{"executionId":"169","workflowId":"EQTKgqBvEUfqiMcZ","isManual":false,"workflowName":"Telegram PDF Saver"}}
{"__type":"$$EventMessageConfirm","confirm":"4e633e62-a722-4bb3-a290-bb86bd6ab329","ts":"2025-10-02T04:04:01.932-04:00","source":{"id":"0","name":"eventBus"}}
{"__type":"$$EventMessageNode","id":"84f93453-b9a0-447a-92e3-934d3c5a2533","ts":"2025-10-02T04:04:01.933-04:00","eventName":"n8n.node.started","message":"n8n.node.started","payload":{"workflowId":"EQTKgqBvEUfqiMcZ","workflowName":"Telegram PDF Saver","executionId":"169","nodeType":"n8n-nodes-base.writeBinaryFile","nodeName":"Write PDF1","nodeId":"ad12d6f6-7ff5-4084-9b5a-7a952a2e9cf0"}}
{"__type":"$$EventMessageConfirm","confirm":"84f93453-b9a0-447a-92e3-934d3c5a2533","ts":"2025-10-02T04:04:01.934-04:00","source":{"id":"0","name":"eventBus"}}
{"__type":"$$EventMessageNode","id":"7300d01e-66f1-428a-b011-6246713868cf","ts":"2025-10-02T04:04:01.968-04:00","eventName":"n8n.node.finished","message":"n8n.node.finished","payload":{"workflowId":"EQTKgqBvEUfqiMcZ","workflowName":"Telegram PDF Saver","executionId":"169","nodeType":"n8n-nodes-base.writeBinaryFile","nodeName":"Write PDF1","nodeId":"ad12d6f6-7ff5-4084-9b5a-7a952a2e9cf0"}}
{"__type":"$$EventMessageConfirm","confirm":"7300d01e-66f1-428a-b011-6246713868cf","ts":"2025-10-02T04:04:01.969-04:00","source":{"id":"0","name":"eventBus"}}
{"__type":"$$EventMessageWorkflow","id":"ba63c7ac-fb61-4f47-a51d-3860717e7e34","ts":"2025-10-02T04:04:02.003-04:00","eventName":"n8n.workflow.failed","message":"n8n.workflow.failed","payload":{"userId":"864cb08b-29a2-4269-ba72-10e9052e8970","executionId":"169","success":false,"isManual":true,"workflowId":"EQTKgqBvEUfqiMcZ","workflowName":"Telegram PDF Saver","lastNodeExecuted":"Write PDF1","errorNodeType":"n8n-nodes-base.writeBinaryFile","errorMessage":"The file \"/home/node/.n8n/latest.pdf\" is not writable."}}
{"__type":"$$EventMessageConfirm","confirm":"ba63c7ac-fb61-4f47-a51d-3860717e7e34","ts":"2025-10-02T04:04:02.014-04:00","source":{"id":"0","name":"eventBus"}}
{"__type":"$$EventMessageWorkflow","id":"72039502-05f4-4773-a1ac-2bb5e6e70164","ts":"2025-10-02T04:06:23.714-04:00","eventName":"n8n.workflow.started","message":"n8n.workflow.started","payload":{"executionId":"170","workflowId":"EQTKgqBvEUfqiMcZ","isManual":false,"workflowName":"Telegram PDF Saver - Working Version"}}
{"__type":"$$EventMessageConfirm","confirm":"72039502-05f4-4773-a1ac-2bb5e6e70164","ts":"2025-10-02T04:06:23.714-04:00","source":{"id":"0","name":"eventBus"}}
{"__type":"$$EventMessageNode","id":"4b39f2da-ecf6-4f3e-a35e-dd8401d6dc02","ts":"2025-10-02T04:06:23.716-04:00","eventName":"n8n.node.started","message":"n8n.node.started","payload":{"workflowId":"EQTKgqBvEUfqiMcZ","workflowName":"Telegram PDF Saver - Working Version","executionId":"170","nodeType":"n8n-nodes-base.telegram","nodeName":"Get File Info","nodeId":"2af31963-7c7d-4371-bd8a-70035aabd4b1"}}
{"__type":"$$EventMessageConfirm","confirm":"4b39f2da-ecf6-4f3e-a35e-dd8401d6dc02","ts":"2025-10-02T04:06:23.716-04:00","source":{"id":"0","name":"eventBus"}}
{"__type":"$$EventMessageNode","id":"7b992500-8d58-416f-8a9f-e86e0b6c64c9","ts":"2025-10-02T04:06:23.833-04:00","eventName":"n8n.node.finished","message":"n8n.node.finished","payload":{"workflowId":"EQTKgqBvEUfqiMcZ","workflowName":"Telegram PDF Saver - Working Version","executionId":"170","nodeType":"n8n-nodes-base.telegram","nodeName":"Get File Info","nodeId":"2af31963-7c7d-4371-bd8a-70035aabd4b1"}}
{"__type":"$$EventMessageConfirm","confirm":"7b992500-8d58-416f-8a9f-e86e0b6c64c9","ts":"2025-10-02T04:06:23.834-04:00","source":{"id":"0","name":"eventBus"}}
{"__type":"$$EventMessageWorkflow","id":"5b737105-a6dc-4fac-9d27-1a03d625aa2c","ts":"2025-10-02T04:06:23.958-04:00","eventName":"n8n.workflow.failed","message":"n8n.workflow.failed","payload":{"userId":"864cb08b-29a2-4269-ba72-10e9052e8970","executionId":"170","success":false,"isManual":true,"workflowId":"EQTKgqBvEUfqiMcZ","workflowName":"Telegram PDF Saver - Working Version","lastNodeExecuted":"Get File Info","errorNodeType":"n8n-nodes-base.telegram","errorMessage":"Node does not have any credentials set"}}
{"__type":"$$EventMessageConfirm","confirm":"5b737105-a6dc-4fac-9d27-1a03d625aa2c","ts":"2025-10-02T04:06:23.958-04:00","source":{"id":"0","name":"eventBus"}}
{"__type":"$$EventMessageWorkflow","id":"93d3ba83-50a6-485a-916d-884c0e6866d9","ts":"2025-10-02T04:06:33.802-04:00","eventName":"n8n.workflow.started","message":"n8n.workflow.started","payload":{"executionId":"171","workflowId":"EQTKgqBvEUfqiMcZ","isManual":false,"workflowName":"Telegram PDF Saver - Working Version"}}
{"__type":"$$EventMessageConfirm","confirm":"93d3ba83-50a6-485a-916d-884c0e6866d9","ts":"2025-10-02T04:06:33.802-04:00","source":{"id":"0","name":"eventBus"}}
{"__type":"$$EventMessageNode","id":"8a628ba2-450f-43fd-a876-44c3f95d5ce9","ts":"2025-10-02T04:06:33.806-04:00","eventName":"n8n.node.started","message":"n8n.node.started","payload":{"workflowId":"EQTKgqBvEUfqiMcZ","workflowName":"Telegram PDF Saver - Working Version","executionId":"171","nodeType":"n8n-nodes-base.telegram","nodeName":"Get File Info","nodeId":"2af31963-7c7d-4371-bd8a-70035aabd4b1"}}
{"__type":"$$EventMessageConfirm","confirm":"8a628ba2-450f-43fd-a876-44c3f95d5ce9","ts":"2025-10-02T04:06:33.806-04:00","source":{"id":"0","name":"eventBus"}}
{"__type":"$$EventMessageNode","id":"a1177023-7fc7-4ba2-bc4a-58c0b2425cd0","ts":"2025-10-02T04:06:43.233-04:00","eventName":"n8n.node.finished","message":"n8n.node.finished","payload":{"workflowId":"EQTKgqBvEUfqiMcZ","workflowName":"Telegram PDF Saver - Working Version","executionId":"171","nodeType":"n8n-nodes-base.telegram","nodeName":"Get File Info","nodeId":"2af31963-7c7d-4371-bd8a-70035aabd4b1"}}
{"__type":"$$EventMessageConfirm","confirm":"a1177023-7fc7-4ba2-bc4a-58c0b2425cd0","ts":"2025-10-02T04:06:43.234-04:00","source":{"id":"0","name":"eventBus"}}
{"__type":"$$EventMessageWorkflow","id":"93b23bc7-d017-442e-af4b-3762118d7be2","ts":"2025-10-02T04:06:43.268-04:00","eventName":"n8n.workflow.success","message":"n8n.workflow.success","payload":{"userId":"864cb08b-29a2-4269-ba72-10e9052e8970","executionId":"171","success":true,"isManual":true,"workflowId":"EQTKgqBvEUfqiMcZ","workflowName":"Telegram PDF Saver - Working Version"}}
{"__type":"$$EventMessageConfirm","confirm":"93b23bc7-d017-442e-af4b-3762118d7be2","ts":"2025-10-02T04:06:43.269-04:00","source":{"id":"0","name":"eventBus"}}
{"__type":"$$EventMessageWorkflow","id":"bfaf5959-f2e4-47a3-8bd3-f79db3fc1aaf","ts":"2025-10-02T04:06:49.642-04:00","eventName":"n8n.workflow.started","message":"n8n.workflow.started","payload":{"executionId":"172","workflowId":"EQTKgqBvEUfqiMcZ","isManual":false,"workflowName":"Telegram PDF Saver - Working Version"}}
{"__type":"$$EventMessageConfirm","confirm":"bfaf5959-f2e4-47a3-8bd3-f79db3fc1aaf","ts":"2025-10-02T04:06:49.642-04:00","source":{"id":"0","name":"eventBus"}}
{"__type":"$$EventMessageNode","id":"73593d0f-c342-4fc1-a250-7588b7eead76","ts":"2025-10-02T04:06:49.645-04:00","eventName":"n8n.node.started","message":"n8n.node.started","payload":{"workflowId":"EQTKgqBvEUfqiMcZ","workflowName":"Telegram PDF Saver - Working Version","executionId":"172","nodeType":"n8n-nodes-base.httpRequest","nodeName":"Download PDF","nodeId":"86334ac2-cc26-42de-b578-7af2d5ca35f8"}}
{"__type":"$$EventMessageConfirm","confirm":"73593d0f-c342-4fc1-a250-7588b7eead76","ts":"2025-10-02T04:06:49.646-04:00","source":{"id":"0","name":"eventBus"}}
{"__type":"$$EventMessageNode","id":"167a3dd7-a87a-474d-b348-9d74f239f4ce","ts":"2025-10-02T04:06:53.790-04:00","eventName":"n8n.node.finished","message":"n8n.node.finished","payload":{"workflowId":"EQTKgqBvEUfqiMcZ","workflowName":"Telegram PDF Saver - Working Version","executionId":"172","nodeType":"n8n-nodes-base.httpRequest","nodeName":"Download PDF","nodeId":"86334ac2-cc26-42de-b578-7af2d5ca35f8"}}
{"__type":"$$EventMessageConfirm","confirm":"167a3dd7-a87a-474d-b348-9d74f239f4ce","ts":"2025-10-02T04:06:53.790-04:00","source":{"id":"0","name":"eventBus"}}
{"__type":"$$EventMessageWorkflow","id":"8964b3c9-e52f-4f86-9456-e1ca978ab978","ts":"2025-10-02T04:06:53.802-04:00","eventName":"n8n.workflow.failed","message":"n8n.workflow.failed","payload":{"userId":"864cb08b-29a2-4269-ba72-10e9052e8970","executionId":"172","success":false,"isManual":true,"workflowId":"EQTKgqBvEUfqiMcZ","workflowName":"Telegram PDF Saver - Working Version","lastNodeExecuted":"Download PDF","errorNodeType":"n8n-nodes-base.httpRequest","errorMessage":"The resource you are requesting could not be found"}}
{"__type":"$$EventMessageConfirm","confirm":"8964b3c9-e52f-4f86-9456-e1ca978ab978","ts":"2025-10-02T04:06:53.802-04:00","source":{"id":"0","name":"eventBus"}}
{"__type":"$$EventMessageWorkflow","id":"3a078ac8-c704-4735-a43c-2ffade5cb2e8","ts":"2025-10-02T04:07:42.820-04:00","eventName":"n8n.workflow.started","message":"n8n.workflow.started","payload":{"executionId":"173","workflowId":"EQTKgqBvEUfqiMcZ","isManual":false,"workflowName":"Telegram PDF Saver - Working Version"}}
{"__type":"$$EventMessageConfirm","confirm":"3a078ac8-c704-4735-a43c-2ffade5cb2e8","ts":"2025-10-02T04:07:42.820-04:00","source":{"id":"0","name":"eventBus"}}
{"__type":"$$EventMessageNode","id":"f2d06540-8d02-4fd5-af2c-51eb35696802","ts":"2025-10-02T04:07:42.822-04:00","eventName":"n8n.node.started","message":"n8n.node.started","payload":{"workflowId":"EQTKgqBvEUfqiMcZ","workflowName":"Telegram PDF Saver - Working Version","executionId":"173","nodeType":"n8n-nodes-base.httpRequest","nodeName":"Download PDF","nodeId":"86334ac2-cc26-42de-b578-7af2d5ca35f8"}}
{"__type":"$$EventMessageConfirm","confirm":"f2d06540-8d02-4fd5-af2c-51eb35696802","ts":"2025-10-02T04:07:42.822-04:00","source":{"id":"0","name":"eventBus"}}
{"__type":"$$EventMessageNode","id":"3348e8ce-0fb9-4250-ab1f-e0a8476071fe","ts":"2025-10-02T04:07:46.537-04:00","eventName":"n8n.node.finished","message":"n8n.node.finished","payload":{"workflowId":"EQTKgqBvEUfqiMcZ","workflowName":"Telegram PDF Saver - Working Version","executionId":"173","nodeType":"n8n-nodes-base.httpRequest","nodeName":"Download PDF","nodeId":"86334ac2-cc26-42de-b578-7af2d5ca35f8"}}
{"__type":"$$EventMessageConfirm","confirm":"3348e8ce-0fb9-4250-ab1f-e0a8476071fe","ts":"2025-10-02T04:07:46.537-04:00","source":{"id":"0","name":"eventBus"}}
{"__type":"$$EventMessageWorkflow","id":"07704902-020b-49f5-92f2-c2fdb91eb0e6","ts":"2025-10-02T04:07:46.558-04:00","eventName":"n8n.workflow.success","message":"n8n.workflow.success","payload":{"userId":"864cb08b-29a2-4269-ba72-10e9052e8970","executionId":"173","success":true,"isManual":true,"workflowId":"EQTKgqBvEUfqiMcZ","workflowName":"Telegram PDF Saver - Working Version"}}
{"__type":"$$EventMessageConfirm","confirm":"07704902-020b-49f5-92f2-c2fdb91eb0e6","ts":"2025-10-02T04:07:46.559-04:00","source":{"id":"0","name":"eventBus"}}
{"__type":"$$EventMessageWorkflow","id":"509c3373-3bfd-4140-9174-77e2d02a9d76","ts":"2025-10-02T04:11:08.669-04:00","eventName":"n8n.workflow.started","message":"n8n.workflow.started","payload":{"executionId":"174","workflowId":"EQTKgqBvEUfqiMcZ","isManual":false,"workflowName":"Telegram PDF Saver - Working Version"}}
{"__type":"$$EventMessageConfirm","confirm":"509c3373-3bfd-4140-9174-77e2d02a9d76","ts":"2025-10-02T04:11:08.669-04:00","source":{"id":"0","name":"eventBus"}}
{"__type":"$$EventMessageNode","id":"cac6b494-c980-4e5f-a38c-ccb3bd20ddcd","ts":"2025-10-02T04:11:08.671-04:00","eventName":"n8n.node.started","message":"n8n.node.started","payload":{"workflowId":"EQTKgqBvEUfqiMcZ","workflowName":"Telegram PDF Saver - Working Version","executionId":"174","nodeType":"n8n-nodes-base.executeCommand","nodeName":"Copy to Latest PDF","nodeId":"a23496a5-c0bb-41d3-b52e-9f71123cabbe"}}
{"__type":"$$EventMessageConfirm","confirm":"cac6b494-c980-4e5f-a38c-ccb3bd20ddcd","ts":"2025-10-02T04:11:08.671-04:00","source":{"id":"0","name":"eventBus"}}
{"__type":"$$EventMessageNode","id":"029110af-4817-48e1-a711-16858cffd0b1","ts":"2025-10-02T04:11:08.742-04:00","eventName":"n8n.node.finished","message":"n8n.node.finished","payload":{"workflowId":"EQTKgqBvEUfqiMcZ","workflowName":"Telegram PDF Saver - Working Version","executionId":"174","nodeType":"n8n-nodes-base.executeCommand","nodeName":"Copy to Latest PDF","nodeId":"a23496a5-c0bb-41d3-b52e-9f71123cabbe"}}
{"__type":"$$EventMessageConfirm","confirm":"029110af-4817-48e1-a711-16858cffd0b1","ts":"2025-10-02T04:11:08.742-04:00","source":{"id":"0","name":"eventBus"}}
{"__type":"$$EventMessageWorkflow","id":"8a26843a-3382-4d7a-852d-7902824a77ce","ts":"2025-10-02T04:11:08.761-04:00","eventName":"n8n.workflow.failed","message":"n8n.workflow.failed","payload":{"userId":"864cb08b-29a2-4269-ba72-10e9052e8970","executionId":"174","success":false,"isManual":true,"workflowId":"EQTKgqBvEUfqiMcZ","workflowName":"Telegram PDF Saver - Working Version","lastNodeExecuted":"Copy to Latest PDF","errorNodeType":"n8n-nodes-base.executeCommand","errorMessage":"Command failed: cp \"\" \"/home/node/.n8n/latest.pdf\"\ncp: can't stat '': No such file or directory\n"}}
{"__type":"$$EventMessageConfirm","confirm":"8a26843a-3382-4d7a-852d-7902824a77ce","ts":"2025-10-02T04:11:08.763-04:00","source":{"id":"0","name":"eventBus"}}
{"__type":"$$EventMessageWorkflow","id":"f028af9e-d5a5-4959-b813-721b75992ae3","ts":"2025-10-02T04:13:04.082-04:00","eventName":"n8n.workflow.started","message":"n8n.workflow.started","payload":{"executionId":"175","workflowId":"EQTKgqBvEUfqiMcZ","isManual":false,"workflowName":"Telegram PDF Saver - Working Version"}}
{"__type":"$$EventMessageConfirm","confirm":"f028af9e-d5a5-4959-b813-721b75992ae3","ts":"2025-10-02T04:13:04.082-04:00","source":{"id":"0","name":"eventBus"}}
{"__type":"$$EventMessageNode","id":"7d2361d5-8679-43cb-9a69-a4bab6d74e13","ts":"2025-10-02T04:13:04.084-04:00","eventName":"n8n.node.started","message":"n8n.node.started","payload":{"workflowId":"EQTKgqBvEUfqiMcZ","workflowName":"Telegram PDF Saver - Working Version","executionId":"175","nodeType":"n8n-nodes-base.code","nodeName":"Code in JavaScript","nodeId":"caa6b369-1d73-4b7d-ae3e-090e38592f72"}}
{"__type":"$$EventMessageConfirm","confirm":"7d2361d5-8679-43cb-9a69-a4bab6d74e13","ts":"2025-10-02T04:13:04.085-04:00","source":{"id":"0","name":"eventBus"}}
{"__type":"$$EventMessageNode","id":"33be1fdc-d886-41fc-853a-5bb5e8131683","ts":"2025-10-02T04:13:04.148-04:00","eventName":"n8n.node.finished","message":"n8n.node.finished","payload":{"workflowId":"EQTKgqBvEUfqiMcZ","workflowName":"Telegram PDF Saver - Working Version","executionId":"175","nodeType":"n8n-nodes-base.code","nodeName":"Code in JavaScript","nodeId":"caa6b369-1d73-4b7d-ae3e-090e38592f72"}}
{"__type":"$$EventMessageConfirm","confirm":"33be1fdc-d886-41fc-853a-5bb5e8131683","ts":"2025-10-02T04:13:04.148-04:00","source":{"id":"0","name":"eventBus"}}
{"__type":"$$EventMessageWorkflow","id":"935554a7-5926-489d-b22f-2f2bf1f74e54","ts":"2025-10-02T04:13:04.174-04:00","eventName":"n8n.workflow.failed","message":"n8n.workflow.failed","payload":{"userId":"864cb08b-29a2-4269-ba72-10e9052e8970","executionId":"175","success":false,"isManual":true,"workflowId":"EQTKgqBvEUfqiMcZ","workflowName":"Telegram PDF Saver - Working Version","lastNodeExecuted":"Code in JavaScript","errorNodeType":"n8n-nodes-base.code","errorMessage":"Cannot find module 'fs' [line 1]"}}
{"__type":"$$EventMessageConfirm","confirm":"935554a7-5926-489d-b22f-2f2bf1f74e54","ts":"2025-10-02T04:13:04.174-04:00","source":{"id":"0","name":"eventBus"}}
{"__type":"$$EventMessageWorkflow","id":"6cc40bfd-fcac-49f8-a5db-078913a444f8","ts":"2025-10-02T04:13:59.651-04:00","eventName":"n8n.workflow.started","message":"n8n.workflow.started","payload":{"executionId":"176","workflowId":"EQTKgqBvEUfqiMcZ","isManual":false,"workflowName":"Telegram PDF Saver - Working Version"}}
{"__type":"$$EventMessageConfirm","confirm":"6cc40bfd-fcac-49f8-a5db-078913a444f8","ts":"2025-10-02T04:13:59.651-04:00","source":{"id":"0","name":"eventBus"}}
{"__type":"$$EventMessageNode","id":"51c39bb0-3223-408d-a2ef-8fe91ee401b3","ts":"2025-10-02T04:13:59.653-04:00","eventName":"n8n.node.started","message":"n8n.node.started","payload":{"workflowId":"EQTKgqBvEUfqiMcZ","workflowName":"Telegram PDF Saver - Working Version","executionId":"176","nodeType":"n8n-nodes-base.httpRequest","nodeName":"Download PDF","nodeId":"86334ac2-cc26-42de-b578-7af2d5ca35f8"}}
{"__type":"$$EventMessageConfirm","confirm":"51c39bb0-3223-408d-a2ef-8fe91ee401b3","ts":"2025-10-02T04:13:59.653-04:00","source":{"id":"0","name":"eventBus"}}
{"__type":"$$EventMessageNode","id":"7eeb971f-30e0-42eb-8b37-294f338f7ca8","ts":"2025-10-02T04:14:05.153-04:00","eventName":"n8n.node.finished","message":"n8n.node.finished","payload":{"workflowId":"EQTKgqBvEUfqiMcZ","workflowName":"Telegram PDF Saver - Working Version","executionId":"176","nodeType":"n8n-nodes-base.httpRequest","nodeName":"Download PDF","nodeId":"86334ac2-cc26-42de-b578-7af2d5ca35f8"}}
{"__type":"$$EventMessageConfirm","confirm":"7eeb971f-30e0-42eb-8b37-294f338f7ca8","ts":"2025-10-02T04:14:05.154-04:00","source":{"id":"0","name":"eventBus"}}
{"__type":"$$EventMessageNode","id":"eff689d5-c60f-44e7-a7bd-8af773faafc5","ts":"2025-10-02T04:14:05.155-04:00","eventName":"n8n.node.started","message":"n8n.node.started","payload":{"workflowId":"EQTKgqBvEUfqiMcZ","workflowName":"Telegram PDF Saver - Working Version","executionId":"176","nodeType":"n8n-nodes-base.code","nodeName":"Code in JavaScript","nodeId":"caa6b369-1d73-4b7d-ae3e-090e38592f72"}}
{"__type":"$$EventMessageConfirm","confirm":"eff689d5-c60f-44e7-a7bd-8af773faafc5","ts":"2025-10-02T04:14:05.155-04:00","source":{"id":"0","name":"eventBus"}}
{"__type":"$$EventMessageNode","id":"56a8ba49-9c71-48d0-a104-a1ab7a3870ad","ts":"2025-10-02T04:14:05.182-04:00","eventName":"n8n.node.finished","message":"n8n.node.finished","payload":{"workflowId":"EQTKgqBvEUfqiMcZ","workflowName":"Telegram PDF Saver - Working Version","executionId":"176","nodeType":"n8n-nodes-base.code","nodeName":"Code in JavaScript","nodeId":"caa6b369-1d73-4b7d-ae3e-090e38592f72"}}
{"__type":"$$EventMessageConfirm","confirm":"56a8ba49-9c71-48d0-a104-a1ab7a3870ad","ts":"2025-10-02T04:14:05.183-04:00","source":{"id":"0","name":"eventBus"}}
{"__type":"$$EventMessageWorkflow","id":"2132b47b-b17c-4354-ae41-ecc3d8dd627c","ts":"2025-10-02T04:14:05.247-04:00","eventName":"n8n.workflow.failed","message":"n8n.workflow.failed","payload":{"userId":"864cb08b-29a2-4269-ba72-10e9052e8970","executionId":"176","success":false,"isManual":true,"workflowId":"EQTKgqBvEUfqiMcZ","workflowName":"Telegram PDF Saver - Working Version","lastNodeExecuted":"Code in JavaScript","errorNodeType":"n8n-nodes-base.code","errorMessage":"Cannot find module 'fs' [line 1]"}}
{"__type":"$$EventMessageConfirm","confirm":"2132b47b-b17c-4354-ae41-ecc3d8dd627c","ts":"2025-10-02T04:14:05.247-04:00","source":{"id":"0","name":"eventBus"}}
{"__type":"$$EventMessageWorkflow","id":"5f2948e6-3d11-4d72-9e17-9ad197a4a320","ts":"2025-10-02T04:15:40.081-04:00","eventName":"n8n.workflow.started","message":"n8n.workflow.started","payload":{"executionId":"177","workflowId":"EQTKgqBvEUfqiMcZ","isManual":false,"workflowName":"Telegram PDF Saver - Simple Working Version"}}
{"__type":"$$EventMessageConfirm","confirm":"5f2948e6-3d11-4d72-9e17-9ad197a4a320","ts":"2025-10-02T04:15:40.081-04:00","source":{"id":"0","name":"eventBus"}}
{"__type":"$$EventMessageNode","id":"498b0535-31de-4b68-9525-4494a5120ef7","ts":"2025-10-02T04:15:40.082-04:00","eventName":"n8n.node.started","message":"n8n.node.started","payload":{"workflowId":"EQTKgqBvEUfqiMcZ","workflowName":"Telegram PDF Saver - Simple Working Version","executionId":"177","nodeType":"n8n-nodes-base.if","nodeName":"Check if PDF","nodeId":"f1bd5e51-eab1-4925-863c-dc8c266f8d79"}}
{"__type":"$$EventMessageConfirm","confirm":"498b0535-31de-4b68-9525-4494a5120ef7","ts":"2025-10-02T04:15:40.082-04:00","source":{"id":"0","name":"eventBus"}}
{"__type":"$$EventMessageNode","id":"7a55a451-3d4c-44d2-ab56-a24be19407ed","ts":"2025-10-02T04:15:40.119-04:00","eventName":"n8n.node.finished","message":"n8n.node.finished","payload":{"workflowId":"EQTKgqBvEUfqiMcZ","workflowName":"Telegram PDF Saver - Simple Working Version","executionId":"177","nodeType":"n8n-nodes-base.if","nodeName":"Check if PDF","nodeId":"f1bd5e51-eab1-4925-863c-dc8c266f8d79"}}
{"__type":"$$EventMessageConfirm","confirm":"7a55a451-3d4c-44d2-ab56-a24be19407ed","ts":"2025-10-02T04:15:40.119-04:00","source":{"id":"0","name":"eventBus"}}
{"__type":"$$EventMessageWorkflow","id":"fd680704-da18-4c99-96db-189c16c7aaf9","ts":"2025-10-02T04:15:40.136-04:00","eventName":"n8n.workflow.failed","message":"n8n.workflow.failed","payload":{"userId":"864cb08b-29a2-4269-ba72-10e9052e8970","executionId":"177","success":false,"isManual":true,"workflowId":"EQTKgqBvEUfqiMcZ","workflowName":"Telegram PDF Saver - Simple Working Version","lastNodeExecuted":"Check if PDF","errorMessage":"compareOperationFunctions[compareData.operation] is not a function"}}
{"__type":"$$EventMessageConfirm","confirm":"fd680704-da18-4c99-96db-189c16c7aaf9","ts":"2025-10-02T04:15:40.136-04:00","source":{"id":"0","name":"eventBus"}}
{"__type":"$$EventMessageWorkflow","id":"3368cffe-35c3-4006-84ed-3d63eead4e53","ts":"2025-10-02T04:17:03.644-04:00","eventName":"n8n.workflow.started","message":"n8n.workflow.started","payload":{"executionId":"178","workflowId":"EQTKgqBvEUfqiMcZ","isManual":false,"workflowName":"Telegram PDF Saver - Simple Working Version"}}
{"__type":"$$EventMessageConfirm","confirm":"3368cffe-35c3-4006-84ed-3d63eead4e53","ts":"2025-10-02T04:17:03.644-04:00","source":{"id":"0","name":"eventBus"}}
{"__type":"$$EventMessageNode","id":"51873a8f-f5d5-40d9-9cc1-203b7e30fa68","ts":"2025-10-02T04:17:03.647-04:00","eventName":"n8n.node.started","message":"n8n.node.started","payload":{"workflowId":"EQTKgqBvEUfqiMcZ","workflowName":"Telegram PDF Saver - Simple Working Version","executionId":"178","nodeType":"n8n-nodes-base.telegramTrigger","nodeName":"Telegram Trigger2","nodeId":"277cf749-f5a5-4bbc-97ef-ccdde964c6b2"}}
{"__type":"$$EventMessageConfirm","confirm":"51873a8f-f5d5-40d9-9cc1-203b7e30fa68","ts":"2025-10-02T04:17:03.647-04:00","source":{"id":"0","name":"eventBus"}}
{"__type":"$$EventMessageNode","id":"1f5e85a5-6d80-44ce-b80f-560436804e51","ts":"2025-10-02T04:17:03.649-04:00","eventName":"n8n.node.finished","message":"n8n.node.finished","payload":{"workflowId":"EQTKgqBvEUfqiMcZ","workflowName":"Telegram PDF Saver - Simple Working Version","executionId":"178","nodeType":"n8n-nodes-base.telegramTrigger","nodeName":"Telegram Trigger2","nodeId":"277cf749-f5a5-4bbc-97ef-ccdde964c6b2"}}
{"__type":"$$EventMessageConfirm","confirm":"1f5e85a5-6d80-44ce-b80f-560436804e51","ts":"2025-10-02T04:17:03.649-04:00","source":{"id":"0","name":"eventBus"}}
{"__type":"$$EventMessageWorkflow","id":"a361dd01-138a-499f-b777-dd6a692317ce","ts":"2025-10-02T04:17:03.677-04:00","eventName":"n8n.workflow.success","message":"n8n.workflow.success","payload":{"executionId":"178","success":true,"isManual":true,"workflowId":"EQTKgqBvEUfqiMcZ","workflowName":"Telegram PDF Saver - Simple Working Version"}}
{"__type":"$$EventMessageConfirm","confirm":"a361dd01-138a-499f-b777-dd6a692317ce","ts":"2025-10-02T04:17:03.677-04:00","source":{"id":"0","name":"eventBus"}}
{"__type":"$$EventMessageWorkflow","id":"471ae31f-42d7-4f35-8103-6c5f2cae17e3","ts":"2025-10-02T04:17:12.522-04:00","eventName":"n8n.workflow.started","message":"n8n.workflow.started","payload":{"executionId":"179","workflowId":"EQTKgqBvEUfqiMcZ","isManual":false,"workflowName":"Telegram PDF Saver - Simple Working Version"}}
{"__type":"$$EventMessageConfirm","confirm":"471ae31f-42d7-4f35-8103-6c5f2cae17e3","ts":"2025-10-02T04:17:12.522-04:00","source":{"id":"0","name":"eventBus"}}
{"__type":"$$EventMessageNode","id":"be45f400-1de1-4768-898e-33b0aed7109e","ts":"2025-10-02T04:17:12.523-04:00","eventName":"n8n.node.started","message":"n8n.node.started","payload":{"workflowId":"EQTKgqBvEUfqiMcZ","workflowName":"Telegram PDF Saver - Simple Working Version","executionId":"179","nodeType":"n8n-nodes-base.if","nodeName":"Check if PDF","nodeId":"d646006f-b478-4096-b8f6-fa56618341df"}}
{"__type":"$$EventMessageConfirm","confirm":"be45f400-1de1-4768-898e-33b0aed7109e","ts":"2025-10-02T04:17:12.523-04:00","source":{"id":"0","name":"eventBus"}}
{"__type":"$$EventMessageNode","id":"4258a1bd-1757-4d60-9efa-3e6eeb9c0f65","ts":"2025-10-02T04:17:12.531-04:00","eventName":"n8n.node.finished","message":"n8n.node.finished","payload":{"workflowId":"EQTKgqBvEUfqiMcZ","workflowName":"Telegram PDF Saver - Simple Working Version","executionId":"179","nodeType":"n8n-nodes-base.if","nodeName":"Check if PDF","nodeId":"d646006f-b478-4096-b8f6-fa56618341df"}}
{"__type":"$$EventMessageConfirm","confirm":"4258a1bd-1757-4d60-9efa-3e6eeb9c0f65","ts":"2025-10-02T04:17:12.531-04:00","source":{"id":"0","name":"eventBus"}}
{"__type":"$$EventMessageWorkflow","id":"5d7fede2-e8f0-4256-9e49-e4f0529610e5","ts":"2025-10-02T04:17:12.549-04:00","eventName":"n8n.workflow.failed","message":"n8n.workflow.failed","payload":{"userId":"864cb08b-29a2-4269-ba72-10e9052e8970","executionId":"179","success":false,"isManual":true,"workflowId":"EQTKgqBvEUfqiMcZ","workflowName":"Telegram PDF Saver - Simple Working Version","lastNodeExecuted":"Check if PDF","errorMessage":"compareOperationFunctions[compareData.operation] is not a function"}}
{"__type":"$$EventMessageConfirm","confirm":"5d7fede2-e8f0-4256-9e49-e4f0529610e5","ts":"2025-10-02T04:17:12.549-04:00","source":{"id":"0","name":"eventBus"}}
{"__type":"$$EventMessageWorkflow","id":"494ba51a-6c77-4f7a-be49-2f82dbd4d4f4","ts":"2025-10-02T04:17:22.140-04:00","eventName":"n8n.workflow.started","message":"n8n.workflow.started","payload":{"executionId":"180","workflowId":"EQTKgqBvEUfqiMcZ","isManual":false,"workflowName":"Telegram PDF Saver - Simple Working Version"}}
{"__type":"$$EventMessageConfirm","confirm":"494ba51a-6c77-4f7a-be49-2f82dbd4d4f4","ts":"2025-10-02T04:17:22.140-04:00","source":{"id":"0","name":"eventBus"}}
{"__type":"$$EventMessageNode","id":"74e725d6-1a17-455c-aae6-6e87445cf6ae","ts":"2025-10-02T04:17:22.141-04:00","eventName":"n8n.node.started","message":"n8n.node.started","payload":{"workflowId":"EQTKgqBvEUfqiMcZ","workflowName":"Telegram PDF Saver - Simple Working Version","executionId":"180","nodeType":"n8n-nodes-base.if","nodeName":"Check if PDF","nodeId":"d646006f-b478-4096-b8f6-fa56618341df"}}
{"__type":"$$EventMessageConfirm","confirm":"74e725d6-1a17-455c-aae6-6e87445cf6ae","ts":"2025-10-02T04:17:22.141-04:00","source":{"id":"0","name":"eventBus"}}
{"__type":"$$EventMessageNode","id":"d9a993f0-34a6-42a2-a40a-acb00f860c83","ts":"2025-10-02T04:17:22.144-04:00","eventName":"n8n.node.finished","message":"n8n.node.finished","payload":{"workflowId":"EQTKgqBvEUfqiMcZ","workflowName":"Telegram PDF Saver - Simple Working Version","executionId":"180","nodeType":"n8n-nodes-base.if","nodeName":"Check if PDF","nodeId":"d646006f-b478-4096-b8f6-fa56618341df"}}
{"__type":"$$EventMessageConfirm","confirm":"d9a993f0-34a6-42a2-a40a-acb00f860c83","ts":"2025-10-02T04:17:22.144-04:00","source":{"id":"0","name":"eventBus"}}
{"__type":"$$EventMessageWorkflow","id":"3875825d-83f1-4b49-9565-902910cbdef2","ts":"2025-10-02T04:17:22.165-04:00","eventName":"n8n.workflow.success","message":"n8n.workflow.success","payload":{"userId":"864cb08b-29a2-4269-ba72-10e9052e8970","executionId":"180","success":true,"isManual":true,"workflowId":"EQTKgqBvEUfqiMcZ","workflowName":"Telegram PDF Saver - Simple Working Version"}}
{"__type":"$$EventMessageConfirm","confirm":"3875825d-83f1-4b49-9565-902910cbdef2","ts":"2025-10-02T04:17:22.165-04:00","source":{"id":"0","name":"eventBus"}}
{"__type":"$$EventMessageWorkflow","id":"0a0feef2-c3fd-4d1b-b71e-d0c78550f47f","ts":"2025-10-02T04:17:40.116-04:00","eventName":"n8n.workflow.started","message":"n8n.workflow.started","payload":{"executionId":"181","workflowId":"EQTKgqBvEUfqiMcZ","isManual":false,"workflowName":"Telegram PDF Saver - Simple Working Version"}}
{"__type":"$$EventMessageConfirm","confirm":"0a0feef2-c3fd-4d1b-b71e-d0c78550f47f","ts":"2025-10-02T04:17:40.116-04:00","source":{"id":"0","name":"eventBus"}}
{"__type":"$$EventMessageNode","id":"9d10664f-d66c-4c69-b27e-40e8101bb227","ts":"2025-10-02T04:17:40.117-04:00","eventName":"n8n.node.started","message":"n8n.node.started","payload":{"workflowId":"EQTKgqBvEUfqiMcZ","workflowName":"Telegram PDF Saver - Simple Working Version","executionId":"181","nodeType":"n8n-nodes-base.httpRequest","nodeName":"Download PDF Direct","nodeId":"60d1d24c-8608-412c-b7ec-b764fb6c1bb9"}}
{"__type":"$$EventMessageConfirm","confirm":"9d10664f-d66c-4c69-b27e-40e8101bb227","ts":"2025-10-02T04:17:40.117-04:00","source":{"id":"0","name":"eventBus"}}
{"__type":"$$EventMessageNode","id":"e95d2da3-0386-4830-bb30-e6fd06ff018a","ts":"2025-10-02T04:17:43.393-04:00","eventName":"n8n.node.finished","message":"n8n.node.finished","payload":{"workflowId":"EQTKgqBvEUfqiMcZ","workflowName":"Telegram PDF Saver - Simple Working Version","executionId":"181","nodeType":"n8n-nodes-base.httpRequest","nodeName":"Download PDF Direct","nodeId":"60d1d24c-8608-412c-b7ec-b764fb6c1bb9"}}
{"__type":"$$EventMessageConfirm","confirm":"e95d2da3-0386-4830-bb30-e6fd06ff018a","ts":"2025-10-02T04:17:43.394-04:00","source":{"id":"0","name":"eventBus"}}
{"__type":"$$EventMessageWorkflow","id":"72eb2981-28e0-4938-bc98-d22a5084072c","ts":"2025-10-02T04:17:43.449-04:00","eventName":"n8n.workflow.failed","message":"n8n.workflow.failed","payload":{"userId":"864cb08b-29a2-4269-ba72-10e9052e8970","executionId":"181","success":false,"isManual":true,"workflowId":"EQTKgqBvEUfqiMcZ","workflowName":"Telegram PDF Saver - Simple Working Version","lastNodeExecuted":"Download PDF Direct","errorNodeType":"n8n-nodes-base.httpRequest","errorMessage":"The resource you are requesting could not be found"}}
{"__type":"$$EventMessageConfirm","confirm":"72eb2981-28e0-4938-bc98-d22a5084072c","ts":"2025-10-02T04:17:43.449-04:00","source":{"id":"0","name":"eventBus"}}
{"__type":"$$EventMessageWorkflow","id":"bc9f653b-3a6f-43f9-86aa-87f3ef4b0e7e","ts":"2025-10-02T04:20:28.099-04:00","eventName":"n8n.workflow.started","message":"n8n.workflow.started","payload":{"executionId":"182","workflowId":"EQTKgqBvEUfqiMcZ","isManual":false,"workflowName":"Telegram PDF Saver - Simple Working Version"}}
{"__type":"$$EventMessageConfirm","confirm":"bc9f653b-3a6f-43f9-86aa-87f3ef4b0e7e","ts":"2025-10-02T04:20:28.099-04:00","source":{"id":"0","name":"eventBus"}}
{"__type":"$$EventMessageNode","id":"97545fcc-d695-45d0-810d-b2a2328abff1","ts":"2025-10-02T04:20:28.100-04:00","eventName":"n8n.node.started","message":"n8n.node.started","payload":{"workflowId":"EQTKgqBvEUfqiMcZ","workflowName":"Telegram PDF Saver - Simple Working Version","executionId":"182","nodeType":"n8n-nodes-base.telegram","nodeName":"Get a file","nodeId":"bfa611ce-3987-43ff-9b3b-8707aa40fd2e"}}
{"__type":"$$EventMessageConfirm","confirm":"97545fcc-d695-45d0-810d-b2a2328abff1","ts":"2025-10-02T04:20:28.100-04:00","source":{"id":"0","name":"eventBus"}}
{"__type":"$$EventMessageNode","id":"1028f904-65c2-4096-ada8-ff2504344b61","ts":"2025-10-02T04:20:28.188-04:00","eventName":"n8n.node.finished","message":"n8n.node.finished","payload":{"workflowId":"EQTKgqBvEUfqiMcZ","workflowName":"Telegram PDF Saver - Simple Working Version","executionId":"182","nodeType":"n8n-nodes-base.telegram","nodeName":"Get a file","nodeId":"bfa611ce-3987-43ff-9b3b-8707aa40fd2e"}}
{"__type":"$$EventMessageConfirm","confirm":"1028f904-65c2-4096-ada8-ff2504344b61","ts":"2025-10-02T04:20:28.189-04:00","source":{"id":"0","name":"eventBus"}}
{"__type":"$$EventMessageWorkflow","id":"785ca2e5-87a0-4605-a817-f5f5099048be","ts":"2025-10-02T04:20:28.214-04:00","eventName":"n8n.workflow.failed","message":"n8n.workflow.failed","payload":{"userId":"864cb08b-29a2-4269-ba72-10e9052e8970","executionId":"182","success":false,"isManual":true,"workflowId":"EQTKgqBvEUfqiMcZ","workflowName":"Telegram PDF Saver - Simple Working Version","lastNodeExecuted":"Get a file","errorMessage":"Node 'Telegram Trigger' hasn't been executed"}}
{"__type":"$$EventMessageConfirm","confirm":"785ca2e5-87a0-4605-a817-f5f5099048be","ts":"2025-10-02T04:20:28.215-04:00","source":{"id":"0","name":"eventBus"}}
{"__type":"$$EventMessageWorkflow","id":"17307fe5-7c5c-49f0-b299-15a3eb688f16","ts":"2025-10-02T04:20:39.980-04:00","eventName":"n8n.workflow.started","message":"n8n.workflow.started","payload":{"executionId":"183","workflowId":"EQTKgqBvEUfqiMcZ","isManual":false,"workflowName":"Telegram PDF Saver - Simple Working Version"}}
{"__type":"$$EventMessageConfirm","confirm":"17307fe5-7c5c-49f0-b299-15a3eb688f16","ts":"2025-10-02T04:20:39.980-04:00","source":{"id":"0","name":"eventBus"}}
{"__type":"$$EventMessageNode","id":"2522bb52-55b4-4c38-a93a-2a1b5526ea94","ts":"2025-10-02T04:20:39.981-04:00","eventName":"n8n.node.started","message":"n8n.node.started","payload":{"workflowId":"EQTKgqBvEUfqiMcZ","workflowName":"Telegram PDF Saver - Simple Working Version","executionId":"183","nodeType":"n8n-nodes-base.telegram","nodeName":"Get a file","nodeId":"bfa611ce-3987-43ff-9b3b-8707aa40fd2e"}}
{"__type":"$$EventMessageConfirm","confirm":"2522bb52-55b4-4c38-a93a-2a1b5526ea94","ts":"2025-10-02T04:20:39.981-04:00","source":{"id":"0","name":"eventBus"}}
{"__type":"$$EventMessageNode","id":"75ff258b-4aff-4936-a149-9ab4e56b0a46","ts":"2025-10-02T04:20:39.990-04:00","eventName":"n8n.node.finished","message":"n8n.node.finished","payload":{"workflowId":"EQTKgqBvEUfqiMcZ","workflowName":"Telegram PDF Saver - Simple Working Version","executionId":"183","nodeType":"n8n-nodes-base.telegram","nodeName":"Get a file","nodeId":"bfa611ce-3987-43ff-9b3b-8707aa40fd2e"}}
{"__type":"$$EventMessageConfirm","confirm":"75ff258b-4aff-4936-a149-9ab4e56b0a46","ts":"2025-10-02T04:20:39.990-04:00","source":{"id":"0","name":"eventBus"}}
{"__type":"$$EventMessageWorkflow","id":"f5f193e0-6b55-4e22-ad9b-cfeba395b451","ts":"2025-10-02T04:20:40.009-04:00","eventName":"n8n.workflow.failed","message":"n8n.workflow.failed","payload":{"userId":"864cb08b-29a2-4269-ba72-10e9052e8970","executionId":"183","success":false,"isManual":true,"workflowId":"EQTKgqBvEUfqiMcZ","workflowName":"Telegram PDF Saver - Simple Working Version","lastNodeExecuted":"Get a file","errorMessage":"Invalid expression"}}
{"__type":"$$EventMessageConfirm","confirm":"f5f193e0-6b55-4e22-ad9b-cfeba395b451","ts":"2025-10-02T04:20:40.009-04:00","source":{"id":"0","name":"eventBus"}}
{"__type":"$$EventMessageWorkflow","id":"02ac234a-062d-421a-a051-702504f69c9b","ts":"2025-10-02T04:21:16.037-04:00","eventName":"n8n.workflow.started","message":"n8n.workflow.started","payload":{"executionId":"184","workflowId":"EQTKgqBvEUfqiMcZ","isManual":false,"workflowName":"Telegram PDF Saver - Simple Working Version"}}
{"__type":"$$EventMessageConfirm","confirm":"02ac234a-062d-421a-a051-702504f69c9b","ts":"2025-10-02T04:21:16.037-04:00","source":{"id":"0","name":"eventBus"}}
{"__type":"$$EventMessageNode","id":"645bff1f-958c-413d-8453-55c40a163eaf","ts":"2025-10-02T04:21:16.039-04:00","eventName":"n8n.node.started","message":"n8n.node.started","payload":{"workflowId":"EQTKgqBvEUfqiMcZ","workflowName":"Telegram PDF Saver - Simple Working Version","executionId":"184","nodeType":"n8n-nodes-base.telegram","nodeName":"Get a file","nodeId":"bfa611ce-3987-43ff-9b3b-8707aa40fd2e"}}
{"__type":"$$EventMessageConfirm","confirm":"645bff1f-958c-413d-8453-55c40a163eaf","ts":"2025-10-02T04:21:16.039-04:00","source":{"id":"0","name":"eventBus"}}
{"__type":"$$EventMessageNode","id":"d2e8b09d-b01f-461d-9d7c-5fdf00eaf92e","ts":"2025-10-02T04:21:20.713-04:00","eventName":"n8n.node.finished","message":"n8n.node.finished","payload":{"workflowId":"EQTKgqBvEUfqiMcZ","workflowName":"Telegram PDF Saver - Simple Working Version","executionId":"184","nodeType":"n8n-nodes-base.telegram","nodeName":"Get a file","nodeId":"bfa611ce-3987-43ff-9b3b-8707aa40fd2e"}}
{"__type":"$$EventMessageConfirm","confirm":"d2e8b09d-b01f-461d-9d7c-5fdf00eaf92e","ts":"2025-10-02T04:21:20.714-04:00","source":{"id":"0","name":"eventBus"}}
{"__type":"$$EventMessageWorkflow","id":"5cdf9e37-fae9-417c-abf6-ee05ce3740c5","ts":"2025-10-02T04:21:20.737-04:00","eventName":"n8n.workflow.success","message":"n8n.workflow.success","payload":{"userId":"864cb08b-29a2-4269-ba72-10e9052e8970","executionId":"184","success":true,"isManual":true,"workflowId":"EQTKgqBvEUfqiMcZ","workflowName":"Telegram PDF Saver - Simple Working Version"}}
{"__type":"$$EventMessageConfirm","confirm":"5cdf9e37-fae9-417c-abf6-ee05ce3740c5","ts":"2025-10-02T04:21:20.737-04:00","source":{"id":"0","name":"eventBus"}}
{"__type":"$$EventMessageWorkflow","id":"553c0685-bce4-457b-a624-a27610e8d58b","ts":"2025-10-02T04:21:37.923-04:00","eventName":"n8n.workflow.started","message":"n8n.workflow.started","payload":{"executionId":"185","workflowId":"EQTKgqBvEUfqiMcZ","isManual":false,"workflowName":"Telegram PDF Saver - Simple Working Version"}}
{"__type":"$$EventMessageConfirm","confirm":"553c0685-bce4-457b-a624-a27610e8d58b","ts":"2025-10-02T04:21:37.923-04:00","source":{"id":"0","name":"eventBus"}}
{"__type":"$$EventMessageNode","id":"a3ee327b-7e0b-414c-ab8d-c363fe301b74","ts":"2025-10-02T04:21:37.925-04:00","eventName":"n8n.node.started","message":"n8n.node.started","payload":{"workflowId":"EQTKgqBvEUfqiMcZ","workflowName":"Telegram PDF Saver - Simple Working Version","executionId":"185","nodeType":"n8n-nodes-base.httpRequest","nodeName":"Download PDF Direct","nodeId":"60d1d24c-8608-412c-b7ec-b764fb6c1bb9"}}
{"__type":"$$EventMessageConfirm","confirm":"a3ee327b-7e0b-414c-ab8d-c363fe301b74","ts":"2025-10-02T04:21:37.925-04:00","source":{"id":"0","name":"eventBus"}}
{"__type":"$$EventMessageNode","id":"2a0ba1f1-050f-47dc-9d28-cfacc8945b5f","ts":"2025-10-02T04:21:41.249-04:00","eventName":"n8n.node.finished","message":"n8n.node.finished","payload":{"workflowId":"EQTKgqBvEUfqiMcZ","workflowName":"Telegram PDF Saver - Simple Working Version","executionId":"185","nodeType":"n8n-nodes-base.httpRequest","nodeName":"Download PDF Direct","nodeId":"60d1d24c-8608-412c-b7ec-b764fb6c1bb9"}}
{"__type":"$$EventMessageConfirm","confirm":"2a0ba1f1-050f-47dc-9d28-cfacc8945b5f","ts":"2025-10-02T04:21:41.250-04:00","source":{"id":"0","name":"eventBus"}}
{"__type":"$$EventMessageWorkflow","id":"478f326c-e9ab-487d-b459-734f1c899f69","ts":"2025-10-02T04:21:41.269-04:00","eventName":"n8n.workflow.success","message":"n8n.workflow.success","payload":{"userId":"864cb08b-29a2-4269-ba72-10e9052e8970","executionId":"185","success":true,"isManual":true,"workflowId":"EQTKgqBvEUfqiMcZ","workflowName":"Telegram PDF Saver - Simple Working Version"}}
{"__type":"$$EventMessageConfirm","confirm":"478f326c-e9ab-487d-b459-734f1c899f69","ts":"2025-10-02T04:21:41.269-04:00","source":{"id":"0","name":"eventBus"}}
{"__type":"$$EventMessageWorkflow","id":"8cc9ccc9-b021-4bc4-94d0-8002739218f0","ts":"2025-10-02T04:21:52.138-04:00","eventName":"n8n.workflow.started","message":"n8n.workflow.started","payload":{"executionId":"186","workflowId":"EQTKgqBvEUfqiMcZ","isManual":false,"workflowName":"Telegram PDF Saver - Simple Working Version"}}
{"__type":"$$EventMessageConfirm","confirm":"8cc9ccc9-b021-4bc4-94d0-8002739218f0","ts":"2025-10-02T04:21:52.139-04:00","source":{"id":"0","name":"eventBus"}}
{"__type":"$$EventMessageNode","id":"9d2d7e3c-195e-477f-a217-f91074b5b3bf","ts":"2025-10-02T04:21:52.140-04:00","eventName":"n8n.node.started","message":"n8n.node.started","payload":{"workflowId":"EQTKgqBvEUfqiMcZ","workflowName":"Telegram PDF Saver - Simple Working Version","executionId":"186","nodeType":"n8n-nodes-base.code","nodeName":"Extract Base64","nodeId":"82315f2f-1cf6-4fb2-9803-a389ad22e7de"}}
{"__type":"$$EventMessageConfirm","confirm":"9d2d7e3c-195e-477f-a217-f91074b5b3bf","ts":"2025-10-02T04:21:52.140-04:00","source":{"id":"0","name":"eventBus"}}
{"__type":"$$EventMessageNode","id":"b06ccd2e-6ee2-4674-991a-bac8c2622740","ts":"2025-10-02T04:21:52.172-04:00","eventName":"n8n.node.finished","message":"n8n.node.finished","payload":{"workflowId":"EQTKgqBvEUfqiMcZ","workflowName":"Telegram PDF Saver - Simple Working Version","executionId":"186","nodeType":"n8n-nodes-base.code","nodeName":"Extract Base64","nodeId":"82315f2f-1cf6-4fb2-9803-a389ad22e7de"}}
{"__type":"$$EventMessageConfirm","confirm":"b06ccd2e-6ee2-4674-991a-bac8c2622740","ts":"2025-10-02T04:21:52.172-04:00","source":{"id":"0","name":"eventBus"}}
{"__type":"$$EventMessageWorkflow","id":"58874bba-8029-4a57-966f-4f7456002acf","ts":"2025-10-02T04:21:52.223-04:00","eventName":"n8n.workflow.success","message":"n8n.workflow.success","payload":{"userId":"864cb08b-29a2-4269-ba72-10e9052e8970","executionId":"186","success":true,"isManual":true,"workflowId":"EQTKgqBvEUfqiMcZ","workflowName":"Telegram PDF Saver - Simple Working Version"}}
{"__type":"$$EventMessageConfirm","confirm":"58874bba-8029-4a57-966f-4f7456002acf","ts":"2025-10-02T04:21:52.223-04:00","source":{"id":"0","name":"eventBus"}}
{"__type":"$$EventMessageWorkflow","id":"24b995d8-7ba1-417a-88cf-5ef43ba41432","ts":"2025-10-02T04:24:38.683-04:00","eventName":"n8n.workflow.started","message":"n8n.workflow.started","payload":{"executionId":"187","workflowId":"EQTKgqBvEUfqiMcZ","isManual":false,"workflowName":"Telegram PDF Saver - Simple Working Version"}}
{"__type":"$$EventMessageConfirm","confirm":"24b995d8-7ba1-417a-88cf-5ef43ba41432","ts":"2025-10-02T04:24:38.683-04:00","source":{"id":"0","name":"eventBus"}}
{"__type":"$$EventMessageNode","id":"4040a379-15e3-4a5f-9390-041d507e8d58","ts":"2025-10-02T04:24:38.687-04:00","eventName":"n8n.node.started","message":"n8n.node.started","payload":{"workflowId":"EQTKgqBvEUfqiMcZ","workflowName":"Telegram PDF Saver - Simple Working Version","executionId":"187","nodeType":"n8n-nodes-base.executeCommand","nodeName":"Save PDF File","nodeId":"4279a986-1529-417d-b853-433feef2dc3d"}}
{"__type":"$$EventMessageConfirm","confirm":"4040a379-15e3-4a5f-9390-041d507e8d58","ts":"2025-10-02T04:24:38.687-04:00","source":{"id":"0","name":"eventBus"}}
{"__type":"$$EventMessageNode","id":"effb70b3-4ea7-4294-9e2d-7cb039484846","ts":"2025-10-02T04:24:36.922-04:00","eventName":"n8n.node.finished","message":"n8n.node.finished","payload":{"workflowId":"EQTKgqBvEUfqiMcZ","workflowName":"Telegram PDF Saver - Simple Working Version","executionId":"187","nodeType":"n8n-nodes-base.executeCommand","nodeName":"Save PDF File","nodeId":"4279a986-1529-417d-b853-433feef2dc3d"}}
{"__type":"$$EventMessageConfirm","confirm":"effb70b3-4ea7-4294-9e2d-7cb039484846","ts":"2025-10-02T04:24:36.923-04:00","source":{"id":"0","name":"eventBus"}}
{"__type":"$$EventMessageWorkflow","id":"eea93333-d497-4ab2-b757-c4377aa83e91","ts":"2025-10-02T04:24:36.950-04:00","eventName":"n8n.workflow.failed","message":"n8n.workflow.failed","payload":{"userId":"864cb08b-29a2-4269-ba72-10e9052e8970","executionId":"187","success":false,"isManual":true,"workflowId":"EQTKgqBvEUfqiMcZ","workflowName":"Telegram PDF Saver - Simple Working Version","lastNodeExecuted":"Save PDF File","errorNodeType":"n8n-nodes-base.executeCommand","errorMessage":"Command failed: echo 'file_12.pdf' | base64 -d > /home/node/.n8n/latest.pdf\nbase64: truncated input\n"}}
{"__type":"$$EventMessageConfirm","confirm":"eea93333-d497-4ab2-b757-c4377aa83e91","ts":"2025-10-02T04:24:36.950-04:00","source":{"id":"0","name":"eventBus"}}
{"__type":"$$EventMessageWorkflow","id":"1f21b1e8-3128-4174-8605-2e919b314193","ts":"2025-10-02T04:24:56.866-04:00","eventName":"n8n.workflow.started","message":"n8n.workflow.started","payload":{"executionId":"188","workflowId":"EQTKgqBvEUfqiMcZ","isManual":false,"workflowName":"Telegram PDF Saver - Simple Working Version"}}
{"__type":"$$EventMessageConfirm","confirm":"1f21b1e8-3128-4174-8605-2e919b314193","ts":"2025-10-02T04:24:56.867-04:00","source":{"id":"0","name":"eventBus"}}
{"__type":"$$EventMessageNode","id":"deca958a-19f7-42d2-902f-d5ce149e443b","ts":"2025-10-02T04:24:56.869-04:00","eventName":"n8n.node.started","message":"n8n.node.started","payload":{"workflowId":"EQTKgqBvEUfqiMcZ","workflowName":"Telegram PDF Saver - Simple Working Version","executionId":"188","nodeType":"n8n-nodes-base.executeCommand","nodeName":"Save PDF File","nodeId":"4279a986-1529-417d-b853-433feef2dc3d"}}
{"__type":"$$EventMessageConfirm","confirm":"deca958a-19f7-42d2-902f-d5ce149e443b","ts":"2025-10-02T04:24:56.870-04:00","source":{"id":"0","name":"eventBus"}}
{"__type":"$$EventMessageNode","id":"2f261ffc-5856-4854-820f-6959581aeb41","ts":"2025-10-02T04:24:56.943-04:00","eventName":"n8n.node.finished","message":"n8n.node.finished","payload":{"workflowId":"EQTKgqBvEUfqiMcZ","workflowName":"Telegram PDF Saver - Simple Working Version","executionId":"188","nodeType":"n8n-nodes-base.executeCommand","nodeName":"Save PDF File","nodeId":"4279a986-1529-417d-b853-433feef2dc3d"}}
{"__type":"$$EventMessageConfirm","confirm":"2f261ffc-5856-4854-820f-6959581aeb41","ts":"2025-10-02T04:24:56.944-04:00","source":{"id":"0","name":"eventBus"}}
{"__type":"$$EventMessageWorkflow","id":"c03a543e-d1c8-4208-b7f7-76fd47377f86","ts":"2025-10-02T04:24:56.969-04:00","eventName":"n8n.workflow.failed","message":"n8n.workflow.failed","payload":{"userId":"864cb08b-29a2-4269-ba72-10e9052e8970","executionId":"188","success":false,"isManual":true,"workflowId":"EQTKgqBvEUfqiMcZ","workflowName":"Telegram PDF Saver - Simple Working Version","lastNodeExecuted":"Save PDF File","errorNodeType":"n8n-nodes-base.executeCommand","errorMessage":"Command failed: echo 'application/octet-stream' | base64 -d > /home/node/.n8n/latest.pdf\nbase64: truncated input\n"}}
{"__type":"$$EventMessageConfirm","confirm":"c03a543e-d1c8-4208-b7f7-76fd47377f86","ts":"2025-10-02T04:24:56.969-04:00","source":{"id":"0","name":"eventBus"}}
{"__type":"$$EventMessageWorkflow","id":"3284dee4-7ece-46c2-8e89-9cb008bbcb40","ts":"2025-10-02T04:26:54.026-04:00","eventName":"n8n.workflow.started","message":"n8n.workflow.started","payload":{"executionId":"189","workflowId":"EQTKgqBvEUfqiMcZ","isManual":false,"workflowName":"Telegram PDF Saver - Simple Working Version"}}
{"__type":"$$EventMessageConfirm","confirm":"3284dee4-7ece-46c2-8e89-9cb008bbcb40","ts":"2025-10-02T04:26:54.026-04:00","source":{"id":"0","name":"eventBus"}}
{"__type":"$$EventMessageNode","id":"c7f21cba-2f59-416d-babc-5da6edad8bdf","ts":"2025-10-02T04:26:54.027-04:00","eventName":"n8n.node.started","message":"n8n.node.started","payload":{"workflowId":"EQTKgqBvEUfqiMcZ","workflowName":"Telegram PDF Saver - Simple Working Version","executionId":"189","nodeType":"n8n-nodes-base.httpRequest","nodeName":"Download PDF Direct","nodeId":"60d1d24c-8608-412c-b7ec-b764fb6c1bb9"}}
{"__type":"$$EventMessageConfirm","confirm":"c7f21cba-2f59-416d-babc-5da6edad8bdf","ts":"2025-10-02T04:26:54.027-04:00","source":{"id":"0","name":"eventBus"}}
{"__type":"$$EventMessageNode","id":"933e09f6-6923-45a0-a4b8-c6c4ede25788","ts":"2025-10-02T04:26:54.073-04:00","eventName":"n8n.node.finished","message":"n8n.node.finished","payload":{"workflowId":"EQTKgqBvEUfqiMcZ","workflowName":"Telegram PDF Saver - Simple Working Version","executionId":"189","nodeType":"n8n-nodes-base.httpRequest","nodeName":"Download PDF Direct","nodeId":"60d1d24c-8608-412c-b7ec-b764fb6c1bb9"}}
{"__type":"$$EventMessageConfirm","confirm":"933e09f6-6923-45a0-a4b8-c6c4ede25788","ts":"2025-10-02T04:26:54.074-04:00","source":{"id":"0","name":"eventBus"}}
{"__type":"$$EventMessageWorkflow","id":"78fa0bc1-d120-40ef-888f-526873fb738e","ts":"2025-10-02T04:26:54.111-04:00","eventName":"n8n.workflow.failed","message":"n8n.workflow.failed","payload":{"userId":"864cb08b-29a2-4269-ba72-10e9052e8970","executionId":"189","success":false,"isManual":true,"workflowId":"EQTKgqBvEUfqiMcZ","workflowName":"Telegram PDF Saver - Simple Working Version","lastNodeExecuted":"Download PDF Direct","errorNodeType":"n8n-nodes-base.httpRequest","errorMessage":"Invalid URL: wget -O /home/node/.n8n/latest.pdf \"https://api.telegram.org/file/bot8265579092:AAHT2DImnCGmt4bDrqZE-4PCymyWP00j1bc/documents/file_12.pdf\". URL must start with \"http\" or \"https\"."}}
{"__type":"$$EventMessageConfirm","confirm":"78fa0bc1-d120-40ef-888f-526873fb738e","ts":"2025-10-02T04:26:54.118-04:00","source":{"id":"0","name":"eventBus"}}
{"__type":"$$EventMessageAudit","id":"26fd84ce-e15b-4e91-aec1-0afdcd7099e7","ts":"2025-10-02T04:27:27.556-04:00","eventName":"n8n.audit.workflow.updated","message":"n8n.audit.workflow.updated","payload":{"userId":"864cb08b-29a2-4269-ba72-10e9052e8970","_email":"atharvpingle@gmail.com","_firstName":"Atharv","_lastName":"Pingle","globalRole":"global:owner","workflowId":"EQTKgqBvEUfqiMcZ","workflowName":"Telegram PDF Saver - Simple Working Version"}}
{"__type":"$$EventMessageConfirm","confirm":"26fd84ce-e15b-4e91-aec1-0afdcd7099e7","ts":"2025-10-02T04:27:27.557-04:00","source":{"id":"0","name":"eventBus"}}
{"__type":"$$EventMessageAudit","id":"82c284d9-1510-4652-8242-30052bdc1b9c","ts":"2025-10-02T04:27:28.248-04:00","eventName":"n8n.audit.workflow.updated","message":"n8n.audit.workflow.updated","payload":{"userId":"864cb08b-29a2-4269-ba72-10e9052e8970","_email":"atharvpingle@gmail.com","_firstName":"Atharv","_lastName":"Pingle","globalRole":"global:owner","workflowId":"EQTKgqBvEUfqiMcZ","workflowName":"Telegram PDF Saver - Simple Working Version"}}
{"__type":"$$EventMessageConfirm","confirm":"82c284d9-1510-4652-8242-30052bdc1b9c","ts":"2025-10-02T04:27:28.248-04:00","source":{"id":"0","name":"eventBus"}}
{"__type":"$$EventMessageWorkflow","id":"2d783aa2-77db-4c13-90f8-88f7705dd1a1","ts":"2025-10-02T06:27:44.763-04:00","eventName":"n8n.workflow.started","message":"n8n.workflow.started","payload":{"executionId":"190","workflowId":"EQTKgqBvEUfqiMcZ","isManual":false,"workflowName":"Telegram PDF Saver - Simple Working Version"}}
{"__type":"$$EventMessageConfirm","confirm":"2d783aa2-77db-4c13-90f8-88f7705dd1a1","ts":"2025-10-02T06:27:44.764-04:00","source":{"id":"0","name":"eventBus"}}
{"__type":"$$EventMessageNode","id":"294fb2fd-3626-4a26-abba-daa06cfa5a57","ts":"2025-10-02T06:27:44.766-04:00","eventName":"n8n.node.started","message":"n8n.node.started","payload":{"workflowId":"EQTKgqBvEUfqiMcZ","workflowName":"Telegram PDF Saver - Simple Working Version","executionId":"190","nodeType":"n8n-nodes-base.telegramTrigger","nodeName":"Telegram Trigger","nodeId":"1e18bb6e-ba3b-4ac3-9b91-a082f0a6041f"}}
{"__type":"$$EventMessageConfirm","confirm":"294fb2fd-3626-4a26-abba-daa06cfa5a57","ts":"2025-10-02T06:27:44.766-04:00","source":{"id":"0","name":"eventBus"}}
{"__type":"$$EventMessageNode","id":"92186dd5-14a8-4f00-884b-a10f567effab","ts":"2025-10-02T06:27:44.767-04:00","eventName":"n8n.node.finished","message":"n8n.node.finished","payload":{"workflowId":"EQTKgqBvEUfqiMcZ","workflowName":"Telegram PDF Saver - Simple Working Version","executionId":"190","nodeType":"n8n-nodes-base.telegramTrigger","nodeName":"Telegram Trigger","nodeId":"1e18bb6e-ba3b-4ac3-9b91-a082f0a6041f"}}
{"__type":"$$EventMessageConfirm","confirm":"92186dd5-14a8-4f00-884b-a10f567effab","ts":"2025-10-02T06:27:44.767-04:00","source":{"id":"0","name":"eventBus"}}
{"__type":"$$EventMessageNode","id":"70ed6659-f30e-42f5-96e2-57578a3da930","ts":"2025-10-02T06:27:44.768-04:00","eventName":"n8n.node.started","message":"n8n.node.started","payload":{"workflowId":"EQTKgqBvEUfqiMcZ","workflowName":"Telegram PDF Saver - Simple Working Version","executionId":"190","nodeType":"n8n-nodes-base.switch","nodeName":"Switch","nodeId":"3df80370-410a-4c09-88d6-7d8928b220ac"}}
{"__type":"$$EventMessageConfirm","confirm":"70ed6659-f30e-42f5-96e2-57578a3da930","ts":"2025-10-02T06:27:44.768-04:00","source":{"id":"0","name":"eventBus"}}
{"__type":"$$EventMessageNode","id":"902a12bb-9a4b-451e-a729-783c0cf149d1","ts":"2025-10-02T06:27:44.867-04:00","eventName":"n8n.node.finished","message":"n8n.node.finished","payload":{"workflowId":"EQTKgqBvEUfqiMcZ","workflowName":"Telegram PDF Saver - Simple Working Version","executionId":"190","nodeType":"n8n-nodes-base.switch","nodeName":"Switch","nodeId":"3df80370-410a-4c09-88d6-7d8928b220ac"}}
{"__type":"$$EventMessageConfirm","confirm":"902a12bb-9a4b-451e-a729-783c0cf149d1","ts":"2025-10-02T06:27:44.867-04:00","source":{"id":"0","name":"eventBus"}}
{"__type":"$$EventMessageWorkflow","id":"4cb2d199-c826-42b5-82bd-b933827c1122","ts":"2025-10-02T06:27:44.886-04:00","eventName":"n8n.workflow.success","message":"n8n.workflow.success","payload":{"executionId":"190","success":true,"isManual":true,"workflowId":"EQTKgqBvEUfqiMcZ","workflowName":"Telegram PDF Saver - Simple Working Version"}}
{"__type":"$$EventMessageConfirm","confirm":"4cb2d199-c826-42b5-82bd-b933827c1122","ts":"2025-10-02T06:27:44.886-04:00","source":{"id":"0","name":"eventBus"}}
{"__type":"$$EventMessageWorkflow","id":"5eb37fe8-f4a4-4389-a1b2-bbf23543d912","ts":"2025-10-02T06:27:52.050-04:00","eventName":"n8n.workflow.failed","message":"n8n.workflow.failed","payload":{"userId":"864cb08b-29a2-4269-ba72-10e9052e8970","executionId":"191","success":false,"isManual":true,"workflowId":"EQTKgqBvEUfqiMcZ","workflowName":"Telegram PDF Saver - Simple Working Version","errorMessage":"The workflow has issues and cannot be executed for that reason. Please fix them first."}}
{"__type":"$$EventMessageConfirm","confirm":"5eb37fe8-f4a4-4389-a1b2-bbf23543d912","ts":"2025-10-02T06:27:52.050-04:00","source":{"id":"0","name":"eventBus"}}
{"__type":"$$EventMessageWorkflow","id":"8414ca97-6e7d-4b43-ad71-fc26cb832112","ts":"2025-10-02T06:28:28.190-04:00","eventName":"n8n.workflow.failed","message":"n8n.workflow.failed","payload":{"executionId":"192","success":false,"isManual":true,"workflowId":"EQTKgqBvEUfqiMcZ","workflowName":"Telegram PDF Saver - Simple Working Version","errorMessage":"The workflow has issues and cannot be executed for that reason. Please fix them first."}}
{"__type":"$$EventMessageConfirm","confirm":"8414ca97-6e7d-4b43-ad71-fc26cb832112","ts":"2025-10-02T06:28:28.190-04:00","source":{"id":"0","name":"eventBus"}}
{"__type":"$$EventMessageWorkflow","id":"3e35aade-a6a3-4be4-957a-2134473cefff","ts":"2025-10-02T06:29:01.665-04:00","eventName":"n8n.workflow.started","message":"n8n.workflow.started","payload":{"executionId":"193","workflowId":"EQTKgqBvEUfqiMcZ","isManual":false,"workflowName":"Telegram PDF Saver - Simple Working Version"}}
{"__type":"$$EventMessageConfirm","confirm":"3e35aade-a6a3-4be4-957a-2134473cefff","ts":"2025-10-02T06:29:01.665-04:00","source":{"id":"0","name":"eventBus"}}
{"__type":"$$EventMessageNode","id":"8979c8a8-d4e3-4f17-866c-5269ff904521","ts":"2025-10-02T06:29:01.667-04:00","eventName":"n8n.node.started","message":"n8n.node.started","payload":{"workflowId":"EQTKgqBvEUfqiMcZ","workflowName":"Telegram PDF Saver - Simple Working Version","executionId":"193","nodeType":"n8n-nodes-base.telegramTrigger","nodeName":"Telegram Trigger","nodeId":"1e18bb6e-ba3b-4ac3-9b91-a082f0a6041f"}}
{"__type":"$$EventMessageConfirm","confirm":"8979c8a8-d4e3-4f17-866c-5269ff904521","ts":"2025-10-02T06:29:01.667-04:00","source":{"id":"0","name":"eventBus"}}
{"__type":"$$EventMessageNode","id":"cbfc2482-191e-4260-9918-10aab7649ddd","ts":"2025-10-02T06:29:01.668-04:00","eventName":"n8n.node.finished","message":"n8n.node.finished","payload":{"workflowId":"EQTKgqBvEUfqiMcZ","workflowName":"Telegram PDF Saver - Simple Working Version","executionId":"193","nodeType":"n8n-nodes-base.telegramTrigger","nodeName":"Telegram Trigger","nodeId":"1e18bb6e-ba3b-4ac3-9b91-a082f0a6041f"}}
{"__type":"$$EventMessageConfirm","confirm":"cbfc2482-191e-4260-9918-10aab7649ddd","ts":"2025-10-02T06:29:01.668-04:00","source":{"id":"0","name":"eventBus"}}
{"__type":"$$EventMessageNode","id":"a95b037a-6931-416d-9fef-0e07ae1b2b23","ts":"2025-10-02T06:29:01.669-04:00","eventName":"n8n.node.started","message":"n8n.node.started","payload":{"workflowId":"EQTKgqBvEUfqiMcZ","workflowName":"Telegram PDF Saver - Simple Working Version","executionId":"193","nodeType":"n8n-nodes-base.switch","nodeName":"Switch","nodeId":"3df80370-410a-4c09-88d6-7d8928b220ac"}}
{"__type":"$$EventMessageConfirm","confirm":"a95b037a-6931-416d-9fef-0e07ae1b2b23","ts":"2025-10-02T06:29:01.669-04:00","source":{"id":"0","name":"eventBus"}}
{"__type":"$$EventMessageNode","id":"f1a91be2-f916-4ef4-9bfb-e2dbdbd288a3","ts":"2025-10-02T06:29:01.676-04:00","eventName":"n8n.node.finished","message":"n8n.node.finished","payload":{"workflowId":"EQTKgqBvEUfqiMcZ","workflowName":"Telegram PDF Saver - Simple Working Version","executionId":"193","nodeType":"n8n-nodes-base.switch","nodeName":"Switch","nodeId":"3df80370-410a-4c09-88d6-7d8928b220ac"}}
{"__type":"$$EventMessageConfirm","confirm":"f1a91be2-f916-4ef4-9bfb-e2dbdbd288a3","ts":"2025-10-02T06:29:01.676-04:00","source":{"id":"0","name":"eventBus"}}
{"__type":"$$EventMessageNode","id":"255602bb-df64-43d2-995d-61480fbf376d","ts":"2025-10-02T06:29:01.680-04:00","eventName":"n8n.node.started","message":"n8n.node.started","payload":{"workflowId":"EQTKgqBvEUfqiMcZ","workflowName":"Telegram PDF Saver - Simple Working Version","executionId":"193","nodeType":"n8n-nodes-base.telegram","nodeName":"Get a file","nodeId":"145ade8c-493c-47d7-86ca-d43034649b75"}}
{"__type":"$$EventMessageConfirm","confirm":"255602bb-df64-43d2-995d-61480fbf376d","ts":"2025-10-02T06:29:01.680-04:00","source":{"id":"0","name":"eventBus"}}
{"__type":"$$EventMessageNode","id":"e964c9e8-0b91-49dc-aec0-8ddd61219d7d","ts":"2025-10-02T06:29:01.681-04:00","eventName":"n8n.node.finished","message":"n8n.node.finished","payload":{"workflowId":"EQTKgqBvEUfqiMcZ","workflowName":"Telegram PDF Saver - Simple Working Version","executionId":"193","nodeType":"n8n-nodes-base.telegram","nodeName":"Get a file","nodeId":"145ade8c-493c-47d7-86ca-d43034649b75"}}
{"__type":"$$EventMessageConfirm","confirm":"e964c9e8-0b91-49dc-aec0-8ddd61219d7d","ts":"2025-10-02T06:29:01.681-04:00","source":{"id":"0","name":"eventBus"}}
{"__type":"$$EventMessageWorkflow","id":"fb26558c-868f-43ef-80c2-a6243e778e4c","ts":"2025-10-02T06:29:01.705-04:00","eventName":"n8n.workflow.success","message":"n8n.workflow.success","payload":{"executionId":"193","success":true,"isManual":true,"workflowId":"EQTKgqBvEUfqiMcZ","workflowName":"Telegram PDF Saver - Simple Working Version"}}
{"__type":"$$EventMessageConfirm","confirm":"fb26558c-868f-43ef-80c2-a6243e778e4c","ts":"2025-10-02T06:29:01.705-04:00","source":{"id":"0","name":"eventBus"}}
{"__type":"$$EventMessageWorkflow","id":"5776cddf-8579-447f-8d99-32af3b6c2d45","ts":"2025-10-02T06:31:05.100-04:00","eventName":"n8n.workflow.started","message":"n8n.workflow.started","payload":{"executionId":"194","workflowId":"EQTKgqBvEUfqiMcZ","isManual":false,"workflowName":"Telegram PDF Saver - Simple Working Version"}}
{"__type":"$$EventMessageConfirm","confirm":"5776cddf-8579-447f-8d99-32af3b6c2d45","ts":"2025-10-02T06:31:05.100-04:00","source":{"id":"0","name":"eventBus"}}
{"__type":"$$EventMessageNode","id":"79ab72bc-cc87-4a28-88b7-aa6b38ac389a","ts":"2025-10-02T06:31:05.108-04:00","eventName":"n8n.node.started","message":"n8n.node.started","payload":{"workflowId":"EQTKgqBvEUfqiMcZ","workflowName":"Telegram PDF Saver - Simple Working Version","executionId":"194","nodeType":"n8n-nodes-base.telegram","nodeName":"Get a file","nodeId":"145ade8c-493c-47d7-86ca-d43034649b75"}}
{"__type":"$$EventMessageConfirm","confirm":"79ab72bc-cc87-4a28-88b7-aa6b38ac389a","ts":"2025-10-02T06:31:05.109-04:00","source":{"id":"0","name":"eventBus"}}
{"__type":"$$EventMessageNode","id":"978a51a0-bc12-4413-8b6b-81274f2b99ca","ts":"2025-10-02T06:31:33.666-04:00","eventName":"n8n.node.finished","message":"n8n.node.finished","payload":{"workflowId":"EQTKgqBvEUfqiMcZ","workflowName":"Telegram PDF Saver - Simple Working Version","executionId":"194","nodeType":"n8n-nodes-base.telegram","nodeName":"Get a file","nodeId":"145ade8c-493c-47d7-86ca-d43034649b75"}}
{"__type":"$$EventMessageConfirm","confirm":"978a51a0-bc12-4413-8b6b-81274f2b99ca","ts":"2025-10-02T06:31:33.666-04:00","source":{"id":"0","name":"eventBus"}}
{"__type":"$$EventMessageNode","id":"0b39b4bc-7b20-4b25-b376-20ce444b8fce","ts":"2025-10-02T06:31:33.668-04:00","eventName":"n8n.node.started","message":"n8n.node.started","payload":{"workflowId":"EQTKgqBvEUfqiMcZ","workflowName":"Telegram PDF Saver - Simple Working Version","executionId":"194","nodeType":"n8n-nodes-base.readWriteFile","nodeName":"Read/Write Files from Disk","nodeId":"da289f52-4f27-45f2-91ea-909fbd282397"}}
{"__type":"$$EventMessageConfirm","confirm":"0b39b4bc-7b20-4b25-b376-20ce444b8fce","ts":"2025-10-02T06:31:33.668-04:00","source":{"id":"0","name":"eventBus"}}
{"__type":"$$EventMessageNode","id":"bf335f75-2cb0-43e7-9419-e6be6794f1be","ts":"2025-10-02T06:31:33.698-04:00","eventName":"n8n.node.finished","message":"n8n.node.finished","payload":{"workflowId":"EQTKgqBvEUfqiMcZ","workflowName":"Telegram PDF Saver - Simple Working Version","executionId":"194","nodeType":"n8n-nodes-base.readWriteFile","nodeName":"Read/Write Files from Disk","nodeId":"da289f52-4f27-45f2-91ea-909fbd282397"}}
{"__type":"$$EventMessageConfirm","confirm":"bf335f75-2cb0-43e7-9419-e6be6794f1be","ts":"2025-10-02T06:31:33.699-04:00","source":{"id":"0","name":"eventBus"}}
{"__type":"$$EventMessageWorkflow","id":"a6abacf4-f5b6-474f-b7b0-dc5b472b04dc","ts":"2025-10-02T06:31:33.723-04:00","eventName":"n8n.workflow.failed","message":"n8n.workflow.failed","payload":{"userId":"864cb08b-29a2-4269-ba72-10e9052e8970","executionId":"194","success":false,"isManual":true,"workflowId":"EQTKgqBvEUfqiMcZ","workflowName":"Telegram PDF Saver - Simple Working Version","lastNodeExecuted":"Read/Write Files from Disk","errorNodeType":"n8n-nodes-base.readWriteFile","errorMessage":"The file \"/home/node/.n8n/\" is not writable."}}
{"__type":"$$EventMessageConfirm","confirm":"a6abacf4-f5b6-474f-b7b0-dc5b472b04dc","ts":"2025-10-02T06:31:33.723-04:00","source":{"id":"0","name":"eventBus"}}
{"__type":"$$EventMessageWorkflow","id":"6bf4c335-a00b-4307-bdc6-030b0b28fa12","ts":"2025-10-02T06:32:09.160-04:00","eventName":"n8n.workflow.started","message":"n8n.workflow.started","payload":{"executionId":"195","workflowId":"EQTKgqBvEUfqiMcZ","isManual":false,"workflowName":"Telegram PDF Saver - Simple Working Version"}}
{"__type":"$$EventMessageConfirm","confirm":"6bf4c335-a00b-4307-bdc6-030b0b28fa12","ts":"2025-10-02T06:32:09.160-04:00","source":{"id":"0","name":"eventBus"}}
{"__type":"$$EventMessageNode","id":"31e1886b-80e0-430e-a431-71051c08460e","ts":"2025-10-02T06:32:09.162-04:00","eventName":"n8n.node.started","message":"n8n.node.started","payload":{"workflowId":"EQTKgqBvEUfqiMcZ","workflowName":"Telegram PDF Saver - Simple Working Version","executionId":"195","nodeType":"n8n-nodes-base.readWriteFile","nodeName":"Read/Write Files from Disk","nodeId":"da289f52-4f27-45f2-91ea-909fbd282397"}}
{"__type":"$$EventMessageConfirm","confirm":"31e1886b-80e0-430e-a431-71051c08460e","ts":"2025-10-02T06:32:09.162-04:00","source":{"id":"0","name":"eventBus"}}
{"__type":"$$EventMessageNode","id":"52a8d94d-9705-48e7-b47b-ea0d6b8fa6a1","ts":"2025-10-02T06:32:09.168-04:00","eventName":"n8n.node.finished","message":"n8n.node.finished","payload":{"workflowId":"EQTKgqBvEUfqiMcZ","workflowName":"Telegram PDF Saver - Simple Working Version","executionId":"195","nodeType":"n8n-nodes-base.readWriteFile","nodeName":"Read/Write Files from Disk","nodeId":"da289f52-4f27-45f2-91ea-909fbd282397"}}
{"__type":"$$EventMessageConfirm","confirm":"52a8d94d-9705-48e7-b47b-ea0d6b8fa6a1","ts":"2025-10-02T06:32:09.169-04:00","source":{"id":"0","name":"eventBus"}}
{"__type":"$$EventMessageWorkflow","id":"7e1fa489-8e94-4c06-91c9-a594b214224a","ts":"2025-10-02T06:32:09.188-04:00","eventName":"n8n.workflow.failed","message":"n8n.workflow.failed","payload":{"userId":"864cb08b-29a2-4269-ba72-10e9052e8970","executionId":"195","success":false,"isManual":true,"workflowId":"EQTKgqBvEUfqiMcZ","workflowName":"Telegram PDF Saver - Simple Working Version","lastNodeExecuted":"Read/Write Files from Disk","errorNodeType":"n8n-nodes-base.readWriteFile","errorMessage":"The file \"/home/node/.n8n/file_12.pdf\" is not writable."}}
{"__type":"$$EventMessageConfirm","confirm":"7e1fa489-8e94-4c06-91c9-a594b214224a","ts":"2025-10-02T06:32:09.188-04:00","source":{"id":"0","name":"eventBus"}}
